# JRE version: OpenJDK Runtime Environment Zulu11.62+17-CA (11.0.18+10) (build 11.0.18+10-LTS)
# Java VM: OpenJDK 64-Bit Server VM Zulu11.62+17-CA (11.0.18+10-LTS, mixed mode, tiered, compressed oops, g1 gc, bsd-amd64)
Heap:
 garbage-first heap   total 157696K, used 78878K [0x0000000780000000, 0x0000000800000000)
  region size 1024K, 66 young (67584K), 11 survivors (11264K)
 Metaspace       used 63047K, capacity 64706K, committed 65180K, reserved 1105920K
  class space    used 7494K, capacity 8140K, committed 8192K, reserved 1048576K
GC Heap History (14 events):
Event: 0.760 GC heap before
{Heap before GC invocations=0 (full 0):
 garbage-first heap   total 131072K, used 23552K [0x0000000780000000, 0x0000000800000000)
  region size 1024K, 24 young (24576K), 0 survivors (0K)
 Metaspace       used 15478K, capacity 15964K, committed 16256K, reserved 1062912K
  class space    used 1667K, capacity 1841K, committed 1920K, reserved 1048576K
}
Event: 0.768 GC heap after
{Heap after GC invocations=1 (full 0):
 garbage-first heap   total 131072K, used 5718K [0x0000000780000000, 0x0000000800000000)
  region size 1024K, 3 young (3072K), 3 survivors (3072K)
 Metaspace       used 15478K, capacity 15964K, committed 16256K, reserved 1062912K
  class space    used 1667K, capacity 1841K, committed 1920K, reserved 1048576K
}
Event: 1.047 GC heap before
{Heap before GC invocations=1 (full 0):
 garbage-first heap   total 131072K, used 24150K [0x0000000780000000, 0x0000000800000000)
  region size 1024K, 21 young (21504K), 3 survivors (3072K)
 Metaspace       used 19339K, capacity 19944K, committed 20224K, reserved 1067008K
  class space    used 2229K, capacity 2452K, committed 2560K, reserved 1048576K
}
Event: 1.054 GC heap after
{Heap after GC invocations=2 (full 0):
 garbage-first heap   total 131072K, used 6978K [0x0000000780000000, 0x0000000800000000)
  region size 1024K, 2 young (2048K), 2 survivors (2048K)
 Metaspace       used 19339K, capacity 19944K, committed 20224K, reserved 1067008K
  class space    used 2229K, capacity 2452K, committed 2560K, reserved 1048576K
}
Event: 1.098 GC heap before
{Heap before GC invocations=2 (full 0):
 garbage-first heap   total 131072K, used 10050K [0x0000000780000000, 0x0000000800000000)
  region size 1024K, 7 young (7168K), 2 survivors (2048K)
 Metaspace       used 20530K, capacity 21187K, committed 21296K, reserved 1069056K
  class space    used 2391K, capacity 2657K, committed 2688K, reserved 1048576K
}
Event: 1.100 GC heap after
{Heap after GC invocations=3 (full 0):
 garbage-first heap   total 131072K, used 7122K [0x0000000780000000, 0x0000000800000000)
  region size 1024K, 2 young (2048K), 2 survivors (2048K)
 Metaspace       used 20530K, capacity 21187K, committed 21296K, reserved 1069056K
  class space    used 2391K, capacity 2657K, committed 2688K, reserved 1048576K
}
Event: 1.757 GC heap before
{Heap before GC invocations=4 (full 0):
 garbage-first heap   total 131072K, used 68562K [0x0000000780000000, 0x0000000800000000)
  region size 1024K, 62 young (63488K), 2 survivors (2048K)
 Metaspace       used 28246K, capacity 29060K, committed 29360K, reserved 1075200K
  class space    used 3399K, capacity 3724K, committed 3840K, reserved 1048576K
}
Event: 1.764 GC heap after
{Heap after GC invocations=5 (full 0):
 garbage-first heap   total 131072K, used 9565K [0x0000000780000000, 0x0000000800000000)
  region size 1024K, 4 young (4096K), 4 survivors (4096K)
 Metaspace       used 28246K, capacity 29060K, committed 29360K, reserved 1075200K
  class space    used 3399K, capacity 3724K, committed 3840K, reserved 1048576K
}
Event: 2.342 GC heap before
{Heap before GC invocations=5 (full 0):
 garbage-first heap   total 131072K, used 57693K [0x0000000780000000, 0x0000000800000000)
  region size 1024K, 52 young (53248K), 4 survivors (4096K)
 Metaspace       used 34744K, capacity 35836K, committed 35888K, reserved 1081344K
  class space    used 4261K, capacity 4722K, committed 4736K, reserved 1048576K
}
Event: 2.355 GC heap after
{Heap after GC invocations=6 (full 0):
 garbage-first heap   total 131072K, used 12916K [0x0000000780000000, 0x0000000800000000)
  region size 1024K, 7 young (7168K), 7 survivors (7168K)
 Metaspace       used 34744K, capacity 35836K, committed 35888K, reserved 1081344K
  class space    used 4261K, capacity 4722K, committed 4736K, reserved 1048576K
}
Event: 3.222 GC heap before
{Heap before GC invocations=7 (full 0):
 garbage-first heap   total 131072K, used 82548K [0x0000000780000000, 0x0000000800000000)
  region size 1024K, 75 young (76800K), 7 survivors (7168K)
 Metaspace       used 44354K, capacity 45634K, committed 45852K, reserved 1089536K
  class space    used 5486K, capacity 5985K, committed 6016K, reserved 1048576K
}
Event: 3.241 GC heap after
{Heap after GC invocations=8 (full 0):
 garbage-first heap   total 157696K, used 17805K [0x0000000780000000, 0x0000000800000000)
  region size 1024K, 9 young (9216K), 9 survivors (9216K)
 Metaspace       used 44354K, capacity 45634K, committed 45852K, reserved 1089536K
  class space    used 5486K, capacity 5985K, committed 6016K, reserved 1048576K
}
Event: 7.121 GC heap before
{Heap before GC invocations=8 (full 0):
 garbage-first heap   total 157696K, used 87437K [0x0000000780000000, 0x0000000800000000)
  region size 1024K, 79 young (80896K), 9 survivors (9216K)
 Metaspace       used 58481K, capacity 60058K, committed 60316K, reserved 1101824K
  class space    used 7013K, capacity 7641K, committed 7680K, reserved 1048576K
}
Event: 7.133 GC heap after
{Heap after GC invocations=9 (full 0):
 garbage-first heap   total 157696K, used 23582K [0x0000000780000000, 0x0000000800000000)
  region size 1024K, 11 young (11264K), 11 survivors (11264K)
 Metaspace       used 58481K, capacity 60058K, committed 60316K, reserved 1101824K
  class space    used 7013K, capacity 7641K, committed 7680K, reserved 1048576K
}

