# JRE version: OpenJDK Runtime Environment Zulu11.62+17-CA (11.0.18+10) (build 11.0.18+10-LTS)
# Java VM: OpenJDK 64-Bit Server VM Zulu11.62+17-CA (11.0.18+10-LTS, mixed mode, tiered, compressed oops, g1 gc, bsd-amd64)
Heap:
 garbage-first heap   total 157696K, used 62187K [0x0000000780000000, 0x0000000800000000)
  region size 1024K, 51 young (52224K), 11 survivors (11264K)
 Metaspace       used 62011K, capacity 63649K, committed 63952K, reserved 1105920K
  class space    used 7384K, capacity 8022K, committed 8064K, reserved 1048576K
GC Heap History (14 events):
Event: 0.782 GC heap before
{Heap before GC invocations=0 (full 0):
 garbage-first heap   total 131072K, used 23552K [0x0000000780000000, 0x0000000800000000)
  region size 1024K, 24 young (24576K), 0 survivors (0K)
 Metaspace       used 15479K, capacity 15964K, committed 16256K, reserved 1062912K
  class space    used 1667K, capacity 1841K, committed 1920K, reserved 1048576K
}
Event: 0.791 GC heap after
{Heap after GC invocations=1 (full 0):
 garbage-first heap   total 131072K, used 5548K [0x0000000780000000, 0x0000000800000000)
  region size 1024K, 3 young (3072K), 3 survivors (3072K)
 Metaspace       used 15479K, capacity 15964K, committed 16256K, reserved 1062912K
  class space    used 1667K, capacity 1841K, committed 1920K, reserved 1048576K
}
Event: 1.094 GC heap before
{Heap before GC invocations=1 (full 0):
 garbage-first heap   total 131072K, used 27052K [0x0000000780000000, 0x0000000800000000)
  region size 1024K, 24 young (24576K), 3 survivors (3072K)
 Metaspace       used 20121K, capacity 20772K, committed 21120K, reserved 1067008K
  class space    used 2339K, capacity 2582K, committed 2688K, reserved 1048576K
}
Event: 1.102 GC heap after
{Heap after GC invocations=2 (full 0):
 garbage-first heap   total 131072K, used 7207K [0x0000000780000000, 0x0000000800000000)
  region size 1024K, 2 young (2048K), 2 survivors (2048K)
 Metaspace       used 20121K, capacity 20772K, committed 21120K, reserved 1067008K
  class space    used 2339K, capacity 2582K, committed 2688K, reserved 1048576K
}
Event: 1.133 GC heap before
{Heap before GC invocations=2 (full 0):
 garbage-first heap   total 131072K, used 9255K [0x0000000780000000, 0x0000000800000000)
  region size 1024K, 5 young (5120K), 2 survivors (2048K)
 Metaspace       used 20536K, capacity 21193K, committed 21296K, reserved 1069056K
  class space    used 2391K, capacity 2659K, committed 2688K, reserved 1048576K
}
Event: 1.135 GC heap after
{Heap after GC invocations=3 (full 0):
 garbage-first heap   total 131072K, used 7231K [0x0000000780000000, 0x0000000800000000)
  region size 1024K, 2 young (2048K), 2 survivors (2048K)
 Metaspace       used 20536K, capacity 21193K, committed 21296K, reserved 1069056K
  class space    used 2391K, capacity 2659K, committed 2688K, reserved 1048576K
}
Event: 1.714 GC heap before
{Heap before GC invocations=4 (full 0):
 garbage-first heap   total 131072K, used 63551K [0x0000000780000000, 0x0000000800000000)
  region size 1024K, 58 young (59392K), 2 survivors (2048K)
 Metaspace       used 27852K, capacity 28661K, committed 28976K, reserved 1075200K
  class space    used 3338K, capacity 3656K, committed 3712K, reserved 1048576K
}
Event: 1.720 GC heap after
{Heap after GC invocations=5 (full 0):
 garbage-first heap   total 131072K, used 9313K [0x0000000780000000, 0x0000000800000000)
  region size 1024K, 4 young (4096K), 4 survivors (4096K)
 Metaspace       used 27852K, capacity 28661K, committed 28976K, reserved 1075200K
  class space    used 3338K, capacity 3656K, committed 3712K, reserved 1048576K
}
Event: 2.354 GC heap before
{Heap before GC invocations=5 (full 0):
 garbage-first heap   total 131072K, used 59489K [0x0000000780000000, 0x0000000800000000)
  region size 1024K, 55 young (56320K), 4 survivors (4096K)
 Metaspace       used 34632K, capacity 35708K, committed 35888K, reserved 1081344K
  class space    used 4245K, capacity 4658K, committed 4736K, reserved 1048576K
}
Event: 2.365 GC heap after
{Heap after GC invocations=6 (full 0):
 garbage-first heap   total 131072K, used 12762K [0x0000000780000000, 0x0000000800000000)
  region size 1024K, 7 young (7168K), 7 survivors (7168K)
 Metaspace       used 34632K, capacity 35708K, committed 35888K, reserved 1081344K
  class space    used 4245K, capacity 4658K, committed 4736K, reserved 1048576K
}
Event: 3.221 GC heap before
{Heap before GC invocations=7 (full 0):
 garbage-first heap   total 131072K, used 83418K [0x0000000780000000, 0x0000000800000000)
  region size 1024K, 76 young (77824K), 7 survivors (7168K)
 Metaspace       used 44431K, capacity 45731K, committed 46000K, reserved 1089536K
  class space    used 5494K, capacity 6017K, committed 6144K, reserved 1048576K
}
Event: 3.239 GC heap after
{Heap after GC invocations=8 (full 0):
 garbage-first heap   total 157696K, used 18225K [0x0000000780000000, 0x0000000800000000)
  region size 1024K, 9 young (9216K), 9 survivors (9216K)
 Metaspace       used 44431K, capacity 45731K, committed 46000K, reserved 1089536K
  class space    used 5494K, capacity 6017K, committed 6144K, reserved 1048576K
}
Event: 9.397 GC heap before
{Heap before GC invocations=8 (full 0):
 garbage-first heap   total 157696K, used 87857K [0x0000000780000000, 0x0000000800000000)
  region size 1024K, 79 young (80896K), 9 survivors (9216K)
 Metaspace       used 58342K, capacity 59931K, committed 60240K, reserved 1101824K
  class space    used 7009K, capacity 7641K, committed 7680K, reserved 1048576K
}
Event: 9.409 GC heap after
{Heap after GC invocations=9 (full 0):
 garbage-first heap   total 157696K, used 23275K [0x0000000780000000, 0x0000000800000000)
  region size 1024K, 11 young (11264K), 11 survivors (11264K)
 Metaspace       used 58342K, capacity 59931K, committed 60240K, reserved 1101824K
  class space    used 7009K, capacity 7641K, committed 7680K, reserved 1048576K
}

